<?xml version="1.0" encoding="UTF-8"?>
<coverage generated="1763593470679" clover="3.2.0">
  <project timestamp="1763593470679" name="All files">
    <metrics statements="82" coveredstatements="79" conditionals="11" coveredconditionals="10" methods="24" coveredmethods="23" elements="117" coveredelements="112" complexity="0" loc="82" ncloc="82" packages="2" files="9" classes="9"/>
    <package name="components">
      <metrics statements="59" coveredstatements="56" conditionals="11" coveredconditionals="10" methods="18" coveredmethods="17"/>
      <file name="FriendlyCharacter.tsx" path="C:\Users\monic\Documents\Daniel\integracion-continua\integracion_continua\src\components\FriendlyCharacter.tsx">
        <metrics statements="7" coveredstatements="7" conditionals="2" coveredconditionals="2" methods="1" coveredmethods="1"/>
        <line num="1" count="2" type="stmt"/>
        <line num="2" count="2" type="stmt"/>
        <line num="4" count="2" type="stmt"/>
        <line num="13" count="2" type="stmt"/>
        <line num="14" count="9" type="stmt"/>
        <line num="15" count="9" type="cond" truecount="2" falsecount="0"/>
        <line num="17" count="9" type="stmt"/>
      </file>
      <file name="GlobeScene.tsx" path="C:\Users\monic\Documents\Daniel\integracion-continua\integracion_continua\src\components\GlobeScene.tsx">
        <metrics statements="19" coveredstatements="19" conditionals="2" coveredconditionals="1" methods="7" coveredmethods="7"/>
        <line num="2" count="1" type="stmt"/>
        <line num="3" count="1" type="stmt"/>
        <line num="5" count="1" type="stmt"/>
        <line num="6" count="11" type="stmt"/>
        <line num="7" count="11" type="stmt"/>
        <line num="8" count="11" type="stmt"/>
        <line num="10" count="11" type="stmt"/>
        <line num="11" count="5" type="stmt"/>
        <line num="12" count="6" type="cond" truecount="1" falsecount="1"/>
        <line num="13" count="6" type="stmt"/>
        <line num="14" count="6" type="stmt"/>
        <line num="18" count="5" type="stmt"/>
        <line num="19" count="5" type="stmt"/>
        <line num="20" count="5" type="stmt"/>
        <line num="31" count="11" type="stmt"/>
        <line num="59" count="11" type="stmt"/>
        <line num="68" count="242" type="stmt"/>
        <line num="70" count="11" type="stmt"/>
        <line num="71" count="1" type="stmt"/>
      </file>
      <file name="Layout.tsx" path="C:\Users\monic\Documents\Daniel\integracion-continua\integracion_continua\src\components\Layout.tsx">
        <metrics statements="13" coveredstatements="13" conditionals="7" coveredconditionals="7" methods="2" coveredmethods="2"/>
        <line num="1" count="1" type="stmt"/>
        <line num="2" count="1" type="stmt"/>
        <line num="3" count="1" type="stmt"/>
        <line num="5" count="1" type="stmt"/>
        <line num="6" count="4" type="stmt"/>
        <line num="7" count="4" type="stmt"/>
        <line num="8" count="4" type="stmt"/>
        <line num="9" count="4" type="stmt"/>
        <line num="10" count="4" type="stmt"/>
        <line num="11" count="4" type="stmt"/>
        <line num="12" count="4" type="stmt"/>
        <line num="15" count="4" type="stmt"/>
        <line num="20" count="1" type="stmt"/>
      </file>
      <file name="SolarSystemScene.tsx" path="C:\Users\monic\Documents\Daniel\integracion-continua\integracion_continua\src\components\SolarSystemScene.tsx">
        <metrics statements="20" coveredstatements="17" conditionals="0" coveredconditionals="0" methods="8" coveredmethods="7"/>
        <line num="1" count="1" type="stmt"/>
        <line num="2" count="1" type="stmt"/>
        <line num="3" count="1" type="stmt"/>
        <line num="4" count="1" type="stmt"/>
        <line num="16" count="56" type="stmt"/>
        <line num="17" count="56" type="stmt"/>
        <line num="19" count="56" type="stmt"/>
        <line num="20" count="0" type="stmt"/>
        <line num="21" count="0" type="stmt"/>
        <line num="22" count="0" type="stmt"/>
        <line num="25" count="56" type="stmt"/>
        <line num="26" count="1" type="stmt"/>
        <line num="34" count="56" type="stmt"/>
        <line num="49" count="1" type="stmt"/>
        <line num="50" count="7" type="stmt"/>
        <line num="51" count="1" type="stmt"/>
        <line num="54" count="7" type="stmt"/>
        <line num="65" count="7" type="stmt"/>
        <line num="82" count="56" type="stmt"/>
        <line num="87" count="56" type="stmt"/>
      </file>
    </package>
    <package name="views">
      <metrics statements="23" coveredstatements="23" conditionals="0" coveredconditionals="0" methods="6" coveredmethods="6"/>
      <file name="GlobeView.tsx" path="C:\Users\monic\Documents\Daniel\integracion-continua\integracion_continua\src\views\GlobeView.tsx">
        <metrics statements="4" coveredstatements="4" conditionals="0" coveredconditionals="0" methods="1" coveredmethods="1"/>
        <line num="1" count="1" type="stmt"/>
        <line num="2" count="1" type="stmt"/>
        <line num="4" count="1" type="stmt"/>
        <line num="5" count="2" type="stmt"/>
      </file>
      <file name="HomePage.tsx" path="C:\Users\monic\Documents\Daniel\integracion-continua\integracion_continua\src\views\HomePage.tsx">
        <metrics statements="7" coveredstatements="7" conditionals="0" coveredconditionals="0" methods="2" coveredmethods="2"/>
        <line num="1" count="1" type="stmt"/>
        <line num="2" count="1" type="stmt"/>
        <line num="4" count="1" type="stmt"/>
        <line num="6" count="1" type="stmt"/>
        <line num="15" count="1" type="stmt"/>
        <line num="16" count="3" type="stmt"/>
        <line num="38" count="15" type="stmt"/>
      </file>
      <file name="PaintView.tsx" path="C:\Users\monic\Documents\Daniel\integracion-continua\integracion_continua\src\views\PaintView.tsx">
        <metrics statements="4" coveredstatements="4" conditionals="0" coveredconditionals="0" methods="1" coveredmethods="1"/>
        <line num="1" count="1" type="stmt"/>
        <line num="2" count="1" type="stmt"/>
        <line num="4" count="1" type="stmt"/>
        <line num="5" count="3" type="stmt"/>
      </file>
      <file name="ShapesView.tsx" path="C:\Users\monic\Documents\Daniel\integracion-continua\integracion_continua\src\views\ShapesView.tsx">
        <metrics statements="4" coveredstatements="4" conditionals="0" coveredconditionals="0" methods="1" coveredmethods="1"/>
        <line num="1" count="1" type="stmt"/>
        <line num="2" count="1" type="stmt"/>
        <line num="4" count="1" type="stmt"/>
        <line num="5" count="2" type="stmt"/>
      </file>
      <file name="WaterCycleView.tsx" path="C:\Users\monic\Documents\Daniel\integracion-continua\integracion_continua\src\views\WaterCycleView.tsx">
        <metrics statements="4" coveredstatements="4" conditionals="0" coveredconditionals="0" methods="1" coveredmethods="1"/>
        <line num="1" count="1" type="stmt"/>
        <line num="2" count="1" type="stmt"/>
        <line num="4" count="1" type="stmt"/>
        <line num="5" count="2" type="stmt"/>
      </file>
    </package>
  </project>
</coverage>
