{"C:\\Users\\monic\\Documents\\Daniel\\integracion-continua\\integracion_continua\\src\\App.tsx": {"path":"C:\\Users\\monic\\Documents\\Daniel\\integracion-continua\\integracion_continua\\src\\App.tsx","statementMap":{"0":{"start":{"line":1,"column":0},"end":{"line":1,"column":49}},"1":{"start":{"line":2,"column":0},"end":{"line":2,"column":43}},"2":{"start":{"line":5,"column":2},"end":{"line":9,"column":4}},"3":{"start":{"line":12,"column":0},"end":{"line":12,"column":19}}},"fnMap":{"0":{"name":"App","decl":{"start":{"line":4,"column":9},"end":{"line":4,"column":12}},"loc":{"start":{"line":4,"column":12},"end":{"line":10,"column":1}}}},"branchMap":{},"s":{"0":1,"1":1,"2":2,"3":1},"f":{"0":2},"b":{}}
,"C:\\Users\\monic\\Documents\\Daniel\\integracion-continua\\integracion_continua\\src\\components\\FriendlyCharacter.tsx": {"path":"C:\\Users\\monic\\Documents\\Daniel\\integracion-continua\\integracion_continua\\src\\components\\FriendlyCharacter.tsx","statementMap":{"0":{"start":{"line":13,"column":0},"end":{"line":13,"column":24}},"1":{"start":{"line":1,"column":0},"end":{"line":1,"column":47}},"2":{"start":{"line":2,"column":0},"end":{"line":2,"column":35}},"3":{"start":{"line":4,"column":44},"end":{"line":11,"column":2}},"4":{"start":{"line":14,"column":19},"end":{"line":14,"column":32}},"5":{"start":{"line":15,"column":18},"end":{"line":15,"column":68}},"6":{"start":{"line":17,"column":2},"end":{"line":28,"column":4}}},"fnMap":{"0":{"name":"FriendlyCharacter","decl":{"start":{"line":13,"column":24},"end":{"line":13,"column":41}},"loc":{"start":{"line":13,"column":41},"end":{"line":29,"column":1}}}},"branchMap":{"0":{"loc":{"start":{"line":15,"column":18},"end":{"line":15,"column":68}},"type":"binary-expr","locations":[{"start":{"line":15,"column":18},"end":{"line":15,"column":45}},{"start":{"line":15,"column":49},"end":{"line":15,"column":68}}]}},"s":{"0":3,"1":3,"2":3,"3":3,"4":11,"5":11,"6":11},"f":{"0":11},"b":{"0":[11,2]}}
,"C:\\Users\\monic\\Documents\\Daniel\\integracion-continua\\integracion_continua\\src\\components\\GlobeScene.tsx": {"path":"C:\\Users\\monic\\Documents\\Daniel\\integracion-continua\\integracion_continua\\src\\components\\GlobeScene.tsx","statementMap":{"0":{"start":{"line":5,"column":0},"end":{"line":5,"column":24}},"1":{"start":{"line":2,"column":0},"end":{"line":2,"column":52}},"2":{"start":{"line":3,"column":0},"end":{"line":3,"column":53}},"3":{"start":{"line":6,"column":16},"end":{"line":6,"column":59}},"4":{"start":{"line":7,"column":21},"end":{"line":7,"column":49}},"5":{"start":{"line":8,"column":36},"end":{"line":8,"column":73}},"6":{"start":{"line":10,"column":0},"end":{"line":21,"column":7}},"7":{"start":{"line":11,"column":27},"end":{"line":16,"column":3}},"8":{"start":{"line":12,"column":4},"end":{"line":15,"column":5}},"9":{"start":{"line":13,"column":19},"end":{"line":13,"column":63}},"10":{"start":{"line":14,"column":6},"end":{"line":14,"column":64}},"11":{"start":{"line":18,"column":2},"end":{"line":18,"column":21}},"12":{"start":{"line":19,"column":2},"end":{"line":19,"column":54}},"13":{"start":{"line":20,"column":2},"end":{"line":20,"column":70}},"14":{"start":{"line":20,"column":15},"end":{"line":20,"column":69}},"15":{"start":{"line":31,"column":29},"end":{"line":57,"column":2}},"16":{"start":{"line":59,"column":0},"end":{"line":76,"column":2}},"17":{"start":{"line":68,"column":27},"end":{"line":68,"column":85}},"18":{"start":{"line":70,"column":26},"end":{"line":70,"column":37}},"19":{"start":{"line":71,"column":29},"end":{"line":71,"column":84}}},"fnMap":{"0":{"name":"GlobeScene","decl":{"start":{"line":5,"column":24},"end":{"line":5,"column":34}},"loc":{"start":{"line":5,"column":34},"end":{"line":77,"column":1}}},"1":{"name":"(anonymous_2)","decl":{"start":{"line":10,"column":10},"end":{"line":10,"column":13}},"loc":{"start":{"line":10,"column":15},"end":{"line":21,"column":1}}},"2":{"name":"(anonymous_3)","decl":{"start":{"line":11,"column":27},"end":{"line":11,"column":30}},"loc":{"start":{"line":11,"column":32},"end":{"line":16,"column":3}}},"3":{"name":"(anonymous_4)","decl":{"start":{"line":20,"column":9},"end":{"line":20,"column":12}},"loc":{"start":{"line":20,"column":15},"end":{"line":20,"column":69}}},"4":{"name":"(anonymous_5)","decl":{"start":{"line":68,"column":20},"end":{"line":68,"column":21}},"loc":{"start":{"line":68,"column":27},"end":{"line":68,"column":85}}},"5":{"name":"(anonymous_6)","decl":{"start":{"line":70,"column":20},"end":{"line":70,"column":23}},"loc":{"start":{"line":70,"column":26},"end":{"line":70,"column":37}}},"6":{"name":"(anonymous_7)","decl":{"start":{"line":71,"column":22},"end":{"line":71,"column":23}},"loc":{"start":{"line":71,"column":29},"end":{"line":71,"column":84}}}},"branchMap":{"0":{"loc":{"start":{"line":12,"column":4},"end":{"line":15,"column":5}},"type":"if","locations":[{"start":{"line":12,"column":4},"end":{"line":15,"column":5}},{"start":{},"end":{}}]}},"s":{"0":2,"1":2,"2":2,"3":8,"4":8,"5":8,"6":8,"7":4,"8":4,"9":4,"10":4,"11":4,"12":4,"13":4,"14":4,"15":8,"16":8,"17":0,"18":0,"19":1},"f":{"0":8,"1":4,"2":4,"3":4,"4":0,"5":0,"6":1},"b":{"0":[4,0]}}
,"C:\\Users\\monic\\Documents\\Daniel\\integracion-continua\\integracion_continua\\src\\components\\Layout.tsx": {"path":"C:\\Users\\monic\\Documents\\Daniel\\integracion-continua\\integracion_continua\\src\\components\\Layout.tsx","statementMap":{"0":{"start":{"line":5,"column":0},"end":{"line":5,"column":24}},"1":{"start":{"line":1,"column":0},"end":{"line":1,"column":68}},"2":{"start":{"line":2,"column":0},"end":{"line":2,"column":48}},"3":{"start":{"line":3,"column":0},"end":{"line":3,"column":52}},"4":{"start":{"line":6,"column":19},"end":{"line":6,"column":32}},"5":{"start":{"line":7,"column":19},"end":{"line":7,"column":32}},"6":{"start":{"line":8,"column":17},"end":{"line":8,"column":42}},"7":{"start":{"line":9,"column":18},"end":{"line":9,"column":48}},"8":{"start":{"line":10,"column":18},"end":{"line":10,"column":48}},"9":{"start":{"line":11,"column":24},"end":{"line":11,"column":60}},"10":{"start":{"line":12,"column":19},"end":{"line":12,"column":50}},"11":{"start":{"line":15,"column":2},"end":{"line":39,"column":4}},"12":{"start":{"line":20,"column":25},"end":{"line":20,"column":38}}},"fnMap":{"0":{"name":"Layout","decl":{"start":{"line":5,"column":24},"end":{"line":5,"column":30}},"loc":{"start":{"line":5,"column":30},"end":{"line":40,"column":1}}},"1":{"name":"(anonymous_2)","decl":{"start":{"line":20,"column":19},"end":{"line":20,"column":22}},"loc":{"start":{"line":20,"column":25},"end":{"line":20,"column":38}}}},"branchMap":{"0":{"loc":{"start":{"line":18,"column":7},"end":{"line":25,"column":null}},"type":"binary-expr","locations":[{"start":{"line":18,"column":7},"end":{"line":18,"column":14}},{"start":{"line":18,"column":18},"end":{"line":18,"column":26}},{"start":{"line":19,"column":8},"end":{"line":24,"column":null}}]},"1":{"loc":{"start":{"line":31,"column":51},"end":{"line":31,"column":111}},"type":"cond-expr","locations":[{"start":{"line":31,"column":92},"end":{"line":31,"column":97}},{"start":{"line":31,"column":100},"end":{"line":31,"column":111}}]},"2":{"loc":{"start":{"line":31,"column":52},"end":{"line":31,"column":88}},"type":"binary-expr","locations":[{"start":{"line":31,"column":52},"end":{"line":31,"column":59}},{"start":{"line":31,"column":63},"end":{"line":31,"column":76}},{"start":{"line":31,"column":80},"end":{"line":31,"column":88}}]}},"s":{"0":2,"1":2,"2":2,"3":2,"4":6,"5":6,"6":6,"7":6,"8":6,"9":6,"10":6,"11":6,"12":1},"f":{"0":6,"1":1},"b":{"0":[6,3,2],"1":[2,4],"2":[6,6,6]}}
,"C:\\Users\\monic\\Documents\\Daniel\\integracion-continua\\integracion_continua\\src\\components\\ShapesScene.tsx": {"path":"C:\\Users\\monic\\Documents\\Daniel\\integracion-continua\\integracion_continua\\src\\components\\ShapesScene.tsx","statementMap":{"0":{"start":{"line":26,"column":0},"end":{"line":26,"column":24}},"1":{"start":{"line":2,"column":0},"end":{"line":2,"column":50}},"2":{"start":{"line":3,"column":0},"end":{"line":3,"column":54}},"3":{"start":{"line":4,"column":0},"end":{"line":4,"column":31}},"4":{"start":{"line":5,"column":0},"end":{"line":5,"column":45}},"5":{"start":{"line":15,"column":12},"end":{"line":15,"column":36}},"6":{"start":{"line":16,"column":0},"end":{"line":18,"column":3}},"7":{"start":{"line":17,"column":4},"end":{"line":17,"column":69}},"8":{"start":{"line":17,"column":21},"end":{"line":17,"column":69}},"9":{"start":{"line":19,"column":0},"end":{"line":23,"column":2}},"10":{"start":{"line":27,"column":26},"end":{"line":27,"column":45}},"11":{"start":{"line":28,"column":26},"end":{"line":28,"column":37}},"12":{"start":{"line":29,"column":26},"end":{"line":29,"column":39}},"13":{"start":{"line":30,"column":22},"end":{"line":30,"column":39}},"14":{"start":{"line":31,"column":34},"end":{"line":31,"column":45}},"15":{"start":{"line":32,"column":18},"end":{"line":32,"column":42}},"16":{"start":{"line":34,"column":26},"end":{"line":43,"column":1}},"17":{"start":{"line":35,"column":2},"end":{"line":42,"column":3}},"18":{"start":{"line":36,"column":12},"end":{"line":36,"column":33}},"19":{"start":{"line":37,"column":12},"end":{"line":37,"column":25}},"20":{"start":{"line":38,"column":12},"end":{"line":38,"column":32}},"21":{"start":{"line":39,"column":13},"end":{"line":39,"column":35}},"22":{"start":{"line":40,"column":13},"end":{"line":40,"column":34}},"23":{"start":{"line":41,"column":13},"end":{"line":41,"column":34}},"24":{"start":{"line":45,"column":21},"end":{"line":54,"column":1}},"25":{"start":{"line":46,"column":2},"end":{"line":53,"column":3}},"26":{"start":{"line":47,"column":12},"end":{"line":47,"column":31}},"27":{"start":{"line":48,"column":12},"end":{"line":48,"column":26}},"28":{"start":{"line":49,"column":12},"end":{"line":49,"column":30}},"29":{"start":{"line":50,"column":13},"end":{"line":50,"column":33}},"30":{"start":{"line":51,"column":13},"end":{"line":51,"column":32}},"31":{"start":{"line":52,"column":13},"end":{"line":52,"column":32}},"32":{"start":{"line":56,"column":14},"end":{"line":56,"column":42}},"33":{"start":{"line":59,"column":23},"end":{"line":76,"column":6}},"34":{"start":{"line":60,"column":17},"end":{"line":60,"column":49}},"35":{"start":{"line":61,"column":2},"end":{"line":61,"column":20}},"36":{"start":{"line":62,"column":2},"end":{"line":62,"column":21}},"37":{"start":{"line":63,"column":18},"end":{"line":63,"column":42}},"38":{"start":{"line":64,"column":15},"end":{"line":64,"column":16}},"39":{"start":{"line":65,"column":2},"end":{"line":70,"column":3}},"40":{"start":{"line":65,"column":15},"end":{"line":65,"column":16}},"41":{"start":{"line":66,"column":4},"end":{"line":69,"column":5}},"42":{"start":{"line":66,"column":17},"end":{"line":66,"column":18}},"43":{"start":{"line":67,"column":6},"end":{"line":67,"column":68}},"44":{"start":{"line":68,"column":6},"end":{"line":68,"column":55}},"45":{"start":{"line":71,"column":18},"end":{"line":71,"column":49}},"46":{"start":{"line":72,"column":2},"end":{"line":72,"column":39}},"47":{"start":{"line":73,"column":2},"end":{"line":73,"column":39}},"48":{"start":{"line":74,"column":2},"end":{"line":74,"column":27}},"49":{"start":{"line":75,"column":2},"end":{"line":75,"column":17}},"50":{"start":{"line":79,"column":4},"end":{"line":91,"column":42}},"51":{"start":{"line":93,"column":0},"end":{"line":264,"column":2}},"52":{"start":{"line":150,"column":39},"end":{"line":150,"column":79}},"53":{"start":{"line":173,"column":39},"end":{"line":173,"column":102}},"54":{"start":{"line":202,"column":20},"end":{"line":203,"column":null}},"55":{"start":{"line":214,"column":37},"end":{"line":214,"column":48}},"56":{"start":{"line":216,"column":44},"end":{"line":216,"column":99}},"57":{"start":{"line":217,"column":44},"end":{"line":217,"column":97}},"58":{"start":{"line":235,"column":37},"end":{"line":235,"column":69}},"59":{"start":{"line":255,"column":37},"end":{"line":255,"column":69}}},"fnMap":{"0":{"name":"RotatingMesh","decl":{"start":{"line":14,"column":9},"end":{"line":14,"column":21}},"loc":{"start":{"line":14,"column":82},"end":{"line":24,"column":1}}},"1":{"name":"(anonymous_10)","decl":{"start":{"line":16,"column":9},"end":{"line":16,"column":10}},"loc":{"start":{"line":16,"column":22},"end":{"line":18,"column":1}}},"2":{"name":"ShapesScene","decl":{"start":{"line":26,"column":24},"end":{"line":26,"column":35}},"loc":{"start":{"line":26,"column":35},"end":{"line":265,"column":1}}},"3":{"name":"(anonymous_12)","decl":{"start":{"line":34,"column":26},"end":{"line":34,"column":27}},"loc":{"start":{"line":34,"column":115},"end":{"line":43,"column":1}}},"4":{"name":"(anonymous_13)","decl":{"start":{"line":45,"column":21},"end":{"line":45,"column":22}},"loc":{"start":{"line":45,"column":47},"end":{"line":54,"column":1}}},"5":{"name":"(anonymous_14)","decl":{"start":{"line":59,"column":31},"end":{"line":59,"column":34}},"loc":{"start":{"line":59,"column":36},"end":{"line":76,"column":1}}},"6":{"name":"(anonymous_15)","decl":{"start":{"line":150,"column":33},"end":{"line":150,"column":36}},"loc":{"start":{"line":150,"column":39},"end":{"line":150,"column":79}}},"7":{"name":"(anonymous_16)","decl":{"start":{"line":173,"column":33},"end":{"line":173,"column":36}},"loc":{"start":{"line":173,"column":39},"end":{"line":173,"column":102}}},"8":{"name":"(anonymous_17)","decl":{"start":{"line":201,"column":24},"end":{"line":201,"column":25}},"loc":{"start":{"line":202,"column":20},"end":{"line":203,"column":null}}},"9":{"name":"(anonymous_18)","decl":{"start":{"line":214,"column":31},"end":{"line":214,"column":34}},"loc":{"start":{"line":214,"column":37},"end":{"line":214,"column":48}}},"10":{"name":"(anonymous_19)","decl":{"start":{"line":216,"column":36},"end":{"line":216,"column":37}},"loc":{"start":{"line":216,"column":44},"end":{"line":216,"column":99}}},"11":{"name":"(anonymous_20)","decl":{"start":{"line":217,"column":36},"end":{"line":217,"column":37}},"loc":{"start":{"line":217,"column":44},"end":{"line":217,"column":97}}},"12":{"name":"(anonymous_21)","decl":{"start":{"line":235,"column":30},"end":{"line":235,"column":31}},"loc":{"start":{"line":235,"column":37},"end":{"line":235,"column":69}}},"13":{"name":"(anonymous_22)","decl":{"start":{"line":255,"column":30},"end":{"line":255,"column":31}},"loc":{"start":{"line":255,"column":37},"end":{"line":255,"column":69}}}},"branchMap":{"0":{"loc":{"start":{"line":17,"column":4},"end":{"line":17,"column":69}},"type":"if","locations":[{"start":{"line":17,"column":4},"end":{"line":17,"column":69}},{"start":{},"end":{}}]},"1":{"loc":{"start":{"line":35,"column":2},"end":{"line":42,"column":3}},"type":"switch","locations":[{"start":{"line":36,"column":4},"end":{"line":36,"column":33}},{"start":{"line":37,"column":4},"end":{"line":37,"column":25}},{"start":{"line":38,"column":4},"end":{"line":38,"column":32}},{"start":{"line":39,"column":4},"end":{"line":39,"column":35}},{"start":{"line":40,"column":4},"end":{"line":40,"column":34}},{"start":{"line":41,"column":4},"end":{"line":41,"column":34}}]},"2":{"loc":{"start":{"line":46,"column":2},"end":{"line":53,"column":3}},"type":"switch","locations":[{"start":{"line":47,"column":4},"end":{"line":47,"column":31}},{"start":{"line":48,"column":4},"end":{"line":48,"column":26}},{"start":{"line":49,"column":4},"end":{"line":49,"column":30}},{"start":{"line":50,"column":4},"end":{"line":50,"column":33}},{"start":{"line":51,"column":4},"end":{"line":51,"column":32}},{"start":{"line":52,"column":4},"end":{"line":52,"column":32}}]},"3":{"loc":{"start":{"line":67,"column":26},"end":{"line":67,"column":67}},"type":"cond-expr","locations":[{"start":{"line":67,"column":46},"end":{"line":67,"column":55}},{"start":{"line":67,"column":58},"end":{"line":67,"column":67}}]},"4":{"loc":{"start":{"line":79,"column":4},"end":{"line":91,"column":42}},"type":"cond-expr","locations":[{"start":{"line":80,"column":6},"end":{"line":80,"column":43}},{"start":{"line":81,"column":6},"end":{"line":91,"column":42}}]},"5":{"loc":{"start":{"line":81,"column":6},"end":{"line":91,"column":42}},"type":"cond-expr","locations":[{"start":{"line":82,"column":6},"end":{"line":82,"column":36}},{"start":{"line":83,"column":6},"end":{"line":91,"column":42}}]},"6":{"loc":{"start":{"line":83,"column":6},"end":{"line":91,"column":42}},"type":"cond-expr","locations":[{"start":{"line":84,"column":6},"end":{"line":84,"column":42}},{"start":{"line":85,"column":6},"end":{"line":91,"column":42}}]},"7":{"loc":{"start":{"line":85,"column":6},"end":{"line":91,"column":42}},"type":"cond-expr","locations":[{"start":{"line":86,"column":6},"end":{"line":86,"column":44}},{"start":{"line":87,"column":6},"end":{"line":91,"column":42}}]},"8":{"loc":{"start":{"line":87,"column":6},"end":{"line":91,"column":42}},"type":"cond-expr","locations":[{"start":{"line":88,"column":6},"end":{"line":88,"column":43}},{"start":{"line":89,"column":6},"end":{"line":91,"column":42}}]},"9":{"loc":{"start":{"line":89,"column":6},"end":{"line":91,"column":42}},"type":"cond-expr","locations":[{"start":{"line":90,"column":6},"end":{"line":90,"column":43}},{"start":{"line":91,"column":6},"end":{"line":91,"column":42}}]}},"s":{"0":2,"1":2,"2":2,"3":2,"4":2,"5":7,"6":7,"7":0,"8":0,"9":7,"10":7,"11":7,"12":7,"13":7,"14":7,"15":7,"16":7,"17":7,"18":6,"19":1,"20":0,"21":0,"22":0,"23":0,"24":7,"25":7,"26":6,"27":1,"28":0,"29":0,"30":0,"31":0,"32":7,"33":7,"34":6,"35":6,"36":6,"37":6,"38":6,"39":6,"40":6,"41":48,"42":48,"43":384,"44":384,"45":6,"46":6,"47":6,"48":6,"49":6,"50":7,"51":7,"52":0,"53":1,"54":126,"55":0,"56":0,"57":0,"58":0,"59":0},"f":{"0":7,"1":0,"2":7,"3":7,"4":7,"5":6,"6":0,"7":1,"8":126,"9":0,"10":0,"11":0,"12":0,"13":0},"b":{"0":[0,0],"1":[6,1,0,0,0,0],"2":[6,1,0,0,0,0],"3":[192,192],"4":[6,1],"5":[1,0],"6":[0,0],"7":[0,0],"8":[0,0],"9":[0,0]}}
,"C:\\Users\\monic\\Documents\\Daniel\\integracion-continua\\integracion_continua\\src\\components\\SolarSystemScene.tsx": {"path":"C:\\Users\\monic\\Documents\\Daniel\\integracion-continua\\integracion_continua\\src\\components\\SolarSystemScene.tsx","statementMap":{"0":{"start":{"line":48,"column":0},"end":{"line":48,"column":24}},"1":{"start":{"line":2,"column":0},"end":{"line":2,"column":31}},"2":{"start":{"line":3,"column":0},"end":{"line":3,"column":54}},"3":{"start":{"line":4,"column":0},"end":{"line":4,"column":63}},"4":{"start":{"line":5,"column":0},"end":{"line":5,"column":31}},"5":{"start":{"line":15,"column":18},"end":{"line":15,"column":43}},"6":{"start":{"line":16,"column":19},"end":{"line":16,"column":54}},"7":{"start":{"line":18,"column":2},"end":{"line":22,"column":5}},"8":{"start":{"line":19,"column":4},"end":{"line":19,"column":36}},"9":{"start":{"line":20,"column":4},"end":{"line":20,"column":77}},"10":{"start":{"line":21,"column":4},"end":{"line":21,"column":77}},"11":{"start":{"line":24,"column":2},"end":{"line":29,"column":4}},"12":{"start":{"line":25,"column":39},"end":{"line":25,"column":64}},"13":{"start":{"line":33,"column":2},"end":{"line":45,"column":4}},"14":{"start":{"line":49,"column":28},"end":{"line":51,"column":3}},"15":{"start":{"line":50,"column":4},"end":{"line":50,"column":49}},"16":{"start":{"line":53,"column":18},"end":{"line":62,"column":4}},"17":{"start":{"line":64,"column":2},"end":{"line":92,"column":4}},"18":{"start":{"line":81,"column":10},"end":{"line":81,"column":35}},"19":{"start":{"line":86,"column":10},"end":{"line":86,"column":41}}},"fnMap":{"0":{"name":"Planet","decl":{"start":{"line":7,"column":9},"end":{"line":7,"column":15}},"loc":{"start":{"line":14,"column":1},"end":{"line":30,"column":1}}},"1":{"name":"(anonymous_10)","decl":{"start":{"line":18,"column":11},"end":{"line":18,"column":14}},"loc":{"start":{"line":18,"column":16},"end":{"line":22,"column":3}}},"2":{"name":"(anonymous_11)","decl":{"start":{"line":25,"column":33},"end":{"line":25,"column":36}},"loc":{"start":{"line":25,"column":39},"end":{"line":25,"column":64}}},"3":{"name":"Orbit","decl":{"start":{"line":32,"column":9},"end":{"line":32,"column":14}},"loc":{"start":{"line":32,"column":49},"end":{"line":46,"column":1}}},"4":{"name":"SolarSystemScene","decl":{"start":{"line":48,"column":24},"end":{"line":48,"column":40}},"loc":{"start":{"line":48,"column":40},"end":{"line":93,"column":1}}},"5":{"name":"(anonymous_14)","decl":{"start":{"line":49,"column":28},"end":{"line":49,"column":29}},"loc":{"start":{"line":49,"column":45},"end":{"line":51,"column":3}}},"6":{"name":"(anonymous_15)","decl":{"start":{"line":80,"column":21},"end":{"line":80,"column":22}},"loc":{"start":{"line":81,"column":10},"end":{"line":81,"column":35}}},"7":{"name":"(anonymous_16)","decl":{"start":{"line":85,"column":21},"end":{"line":85,"column":22}},"loc":{"start":{"line":86,"column":10},"end":{"line":86,"column":41}}}},"branchMap":{},"s":{"0":2,"1":2,"2":2,"3":2,"4":2,"5":32,"6":32,"7":32,"8":0,"9":0,"10":0,"11":32,"12":1,"13":32,"14":4,"15":1,"16":4,"17":4,"18":32,"19":32},"f":{"0":32,"1":0,"2":1,"3":32,"4":4,"5":1,"6":32,"7":32},"b":{}}
,"C:\\Users\\monic\\Documents\\Daniel\\integracion-continua\\integracion_continua\\src\\components\\TechnologyLogic.tsx": {"path":"C:\\Users\\monic\\Documents\\Daniel\\integracion-continua\\integracion_continua\\src\\components\\TechnologyLogic.tsx","statementMap":{"0":{"start":{"line":82,"column":0},"end":{"line":82,"column":24}},"1":{"start":{"line":1,"column":0},"end":{"line":1,"column":48}},"2":{"start":{"line":2,"column":0},"end":{"line":2,"column":54}},"3":{"start":{"line":3,"column":0},"end":{"line":3,"column":31}},"4":{"start":{"line":4,"column":0},"end":{"line":4,"column":50}},"5":{"start":{"line":13,"column":18},"end":{"line":13,"column":42}},"6":{"start":{"line":14,"column":26},"end":{"line":14,"column":69}},"7":{"start":{"line":16,"column":2},"end":{"line":44,"column":5}},"8":{"start":{"line":17,"column":4},"end":{"line":43,"column":5}},"9":{"start":{"line":19,"column":24},"end":{"line":19,"column":60}},"10":{"start":{"line":22,"column":6},"end":{"line":22,"column":52}},"11":{"start":{"line":25,"column":6},"end":{"line":25,"column":117}},"12":{"start":{"line":28,"column":27},"end":{"line":28,"column":28}},"13":{"start":{"line":29,"column":6},"end":{"line":35,"column":7}},"14":{"start":{"line":31,"column":19},"end":{"line":31,"column":38}},"15":{"start":{"line":31,"column":39},"end":{"line":31,"column":45}},"16":{"start":{"line":32,"column":22},"end":{"line":32,"column":52}},"17":{"start":{"line":32,"column":53},"end":{"line":32,"column":59}},"18":{"start":{"line":33,"column":21},"end":{"line":33,"column":46}},"19":{"start":{"line":33,"column":47},"end":{"line":33,"column":53}},"20":{"start":{"line":34,"column":21},"end":{"line":34,"column":50}},"21":{"start":{"line":34,"column":51},"end":{"line":34,"column":57}},"22":{"start":{"line":38,"column":6},"end":{"line":42,"column":8}},"23":{"start":{"line":46,"column":2},"end":{"line":52,"column":4}},"24":{"start":{"line":60,"column":2},"end":{"line":78,"column":4}},"25":{"start":{"line":83,"column":15},"end":{"line":83,"column":16}},"26":{"start":{"line":84,"column":56},"end":{"line":84,"column":101}},"27":{"start":{"line":85,"column":46},"end":{"line":85,"column":94}},"28":{"start":{"line":87,"column":22},"end":{"line":100,"column":3}},"29":{"start":{"line":88,"column":4},"end":{"line":88,"column":33}},"30":{"start":{"line":89,"column":4},"end":{"line":99,"column":7}},"31":{"start":{"line":90,"column":24},"end":{"line":90,"column":28}},"32":{"start":{"line":92,"column":6},"end":{"line":98,"column":7}},"33":{"start":{"line":93,"column":19},"end":{"line":93,"column":43}},"34":{"start":{"line":94,"column":21},"end":{"line":94,"column":45}},"35":{"start":{"line":95,"column":21},"end":{"line":95,"column":45}},"36":{"start":{"line":96,"column":22},"end":{"line":96,"column":46}},"37":{"start":{"line":97,"column":17},"end":{"line":97,"column":29}},"38":{"start":{"line":102,"column":2},"end":{"line":160,"column":4}},"39":{"start":{"line":124,"column":27},"end":{"line":124,"column":44}},"40":{"start":{"line":132,"column":27},"end":{"line":132,"column":46}},"41":{"start":{"line":138,"column":27},"end":{"line":138,"column":47}},"42":{"start":{"line":146,"column":27},"end":{"line":146,"column":46}}},"fnMap":{"0":{"name":"Robot3D","decl":{"start":{"line":12,"column":9},"end":{"line":12,"column":16}},"loc":{"start":{"line":12,"column":60},"end":{"line":53,"column":1}}},"1":{"name":"(anonymous_10)","decl":{"start":{"line":16,"column":11},"end":{"line":16,"column":14}},"loc":{"start":{"line":16,"column":16},"end":{"line":44,"column":3}}},"2":{"name":"RobotScene","decl":{"start":{"line":56,"column":9},"end":{"line":56,"column":19}},"loc":{"start":{"line":59,"column":1},"end":{"line":79,"column":1}}},"3":{"name":"TechnologyLogic","decl":{"start":{"line":82,"column":24},"end":{"line":82,"column":39}},"loc":{"start":{"line":82,"column":39},"end":{"line":161,"column":1}}},"4":{"name":"(anonymous_13)","decl":{"start":{"line":87,"column":22},"end":{"line":87,"column":23}},"loc":{"start":{"line":87,"column":70},"end":{"line":100,"column":3}}},"5":{"name":"(anonymous_14)","decl":{"start":{"line":89,"column":27},"end":{"line":89,"column":31}},"loc":{"start":{"line":89,"column":34},"end":{"line":99,"column":5}}},"6":{"name":"(anonymous_15)","decl":{"start":{"line":124,"column":21},"end":{"line":124,"column":24}},"loc":{"start":{"line":124,"column":27},"end":{"line":124,"column":44}}},"7":{"name":"(anonymous_16)","decl":{"start":{"line":132,"column":21},"end":{"line":132,"column":24}},"loc":{"start":{"line":132,"column":27},"end":{"line":132,"column":46}}},"8":{"name":"(anonymous_17)","decl":{"start":{"line":138,"column":21},"end":{"line":138,"column":24}},"loc":{"start":{"line":138,"column":27},"end":{"line":138,"column":47}}},"9":{"name":"(anonymous_18)","decl":{"start":{"line":146,"column":21},"end":{"line":146,"column":24}},"loc":{"start":{"line":146,"column":27},"end":{"line":146,"column":46}}}},"branchMap":{"0":{"loc":{"start":{"line":17,"column":4},"end":{"line":43,"column":5}},"type":"if","locations":[{"start":{"line":17,"column":4},"end":{"line":43,"column":5}},{"start":{},"end":{}}]},"1":{"loc":{"start":{"line":29,"column":6},"end":{"line":35,"column":7}},"type":"switch","locations":[{"start":{"line":31,"column":8},"end":{"line":31,"column":45}},{"start":{"line":32,"column":8},"end":{"line":32,"column":59}},{"start":{"line":33,"column":8},"end":{"line":33,"column":53}},{"start":{"line":34,"column":8},"end":{"line":34,"column":57}}]},"2":{"loc":{"start":{"line":92,"column":6},"end":{"line":98,"column":7}},"type":"switch","locations":[{"start":{"line":93,"column":8},"end":{"line":93,"column":43}},{"start":{"line":94,"column":8},"end":{"line":94,"column":45}},{"start":{"line":95,"column":8},"end":{"line":95,"column":45}},{"start":{"line":96,"column":8},"end":{"line":96,"column":46}},{"start":{"line":97,"column":8},"end":{"line":97,"column":29}}]}},"s":{"0":1,"1":1,"2":1,"3":1,"4":1,"5":0,"6":0,"7":0,"8":0,"9":0,"10":0,"11":0,"12":0,"13":0,"14":0,"15":0,"16":0,"17":0,"18":0,"19":0,"20":0,"21":0,"22":0,"23":0,"24":0,"25":0,"26":0,"27":0,"28":0,"29":0,"30":0,"31":0,"32":0,"33":0,"34":0,"35":0,"36":0,"37":0,"38":0,"39":0,"40":0,"41":0,"42":0},"f":{"0":0,"1":0,"2":0,"3":0,"4":0,"5":0,"6":0,"7":0,"8":0,"9":0},"b":{"0":[0,0],"1":[0,0,0,0],"2":[0,0,0,0,0]}}
,"C:\\Users\\monic\\Documents\\Daniel\\integracion-continua\\integracion_continua\\src\\routes\\AppRoutes.tsx": {"path":"C:\\Users\\monic\\Documents\\Daniel\\integracion-continua\\integracion_continua\\src\\routes\\AppRoutes.tsx","statementMap":{"0":{"start":{"line":12,"column":0},"end":{"line":12,"column":24}},"1":{"start":{"line":1,"column":0},"end":{"line":1,"column":49}},"2":{"start":{"line":2,"column":0},"end":{"line":2,"column":42}},"3":{"start":{"line":3,"column":0},"end":{"line":3,"column":41}},"4":{"start":{"line":6,"column":0},"end":{"line":6,"column":45}},"5":{"start":{"line":7,"column":0},"end":{"line":7,"column":43}},"6":{"start":{"line":8,"column":0},"end":{"line":8,"column":55}},"7":{"start":{"line":9,"column":0},"end":{"line":9,"column":63}},"8":{"start":{"line":13,"column":2},"end":{"line":29,"column":4}}},"fnMap":{"0":{"name":"AppRoutes","decl":{"start":{"line":12,"column":24},"end":{"line":12,"column":33}},"loc":{"start":{"line":12,"column":33},"end":{"line":30,"column":1}}}},"branchMap":{},"s":{"0":1,"1":1,"2":1,"3":1,"4":1,"5":1,"6":1,"7":1,"8":2},"f":{"0":2},"b":{}}
,"C:\\Users\\monic\\Documents\\Daniel\\integracion-continua\\integracion_continua\\src\\views\\GlobeView.tsx": {"path":"C:\\Users\\monic\\Documents\\Daniel\\integracion-continua\\integracion_continua\\src\\views\\GlobeView.tsx","statementMap":{"0":{"start":{"line":4,"column":0},"end":{"line":4,"column":24}},"1":{"start":{"line":1,"column":0},"end":{"line":1,"column":50}},"2":{"start":{"line":2,"column":0},"end":{"line":2,"column":37}},"3":{"start":{"line":5,"column":2},"end":{"line":12,"column":4}}},"fnMap":{"0":{"name":"GlobeView","decl":{"start":{"line":4,"column":24},"end":{"line":4,"column":33}},"loc":{"start":{"line":4,"column":33},"end":{"line":13,"column":1}}}},"branchMap":{},"s":{"0":1,"1":1,"2":1,"3":0},"f":{"0":0},"b":{}}
,"C:\\Users\\monic\\Documents\\Daniel\\integracion-continua\\integracion_continua\\src\\views\\HomePage.tsx": {"path":"C:\\Users\\monic\\Documents\\Daniel\\integracion-continua\\integracion_continua\\src\\views\\HomePage.tsx","statementMap":{"0":{"start":{"line":12,"column":0},"end":{"line":12,"column":24}},"1":{"start":{"line":1,"column":0},"end":{"line":1,"column":40}},"2":{"start":{"line":2,"column":0},"end":{"line":2,"column":39}},"3":{"start":{"line":3,"column":0},"end":{"line":3,"column":84}},"4":{"start":{"line":5,"column":18},"end":{"line":10,"column":2}},"5":{"start":{"line":13,"column":2},"end":{"line":64,"column":4}},"6":{"start":{"line":34,"column":12},"end":{"line":35,"column":null}}},"fnMap":{"0":{"name":"HomePage","decl":{"start":{"line":12,"column":24},"end":{"line":12,"column":32}},"loc":{"start":{"line":12,"column":32},"end":{"line":65,"column":1}}},"1":{"name":"(anonymous_1)","decl":{"start":{"line":33,"column":25},"end":{"line":33,"column":26}},"loc":{"start":{"line":34,"column":12},"end":{"line":35,"column":null}}}},"branchMap":{},"s":{"0":2,"1":2,"2":2,"3":2,"4":2,"5":5,"6":20},"f":{"0":5,"1":20},"b":{}}
,"C:\\Users\\monic\\Documents\\Daniel\\integracion-continua\\integracion_continua\\src\\views\\ShapesView.tsx": {"path":"C:\\Users\\monic\\Documents\\Daniel\\integracion-continua\\integracion_continua\\src\\views\\ShapesView.tsx","statementMap":{"0":{"start":{"line":4,"column":0},"end":{"line":4,"column":24}},"1":{"start":{"line":1,"column":0},"end":{"line":1,"column":52}},"2":{"start":{"line":2,"column":0},"end":{"line":2,"column":38}},"3":{"start":{"line":5,"column":2},"end":{"line":12,"column":4}}},"fnMap":{"0":{"name":"ShapesView","decl":{"start":{"line":4,"column":24},"end":{"line":4,"column":34}},"loc":{"start":{"line":4,"column":34},"end":{"line":13,"column":1}}}},"branchMap":{},"s":{"0":2,"1":2,"2":2,"3":2},"f":{"0":2},"b":{}}
,"C:\\Users\\monic\\Documents\\Daniel\\integracion-continua\\integracion_continua\\src\\views\\SolarSystemView.tsx": {"path":"C:\\Users\\monic\\Documents\\Daniel\\integracion-continua\\integracion_continua\\src\\views\\SolarSystemView.tsx","statementMap":{"0":{"start":{"line":4,"column":0},"end":{"line":4,"column":24}},"1":{"start":{"line":1,"column":0},"end":{"line":1,"column":62}},"2":{"start":{"line":2,"column":0},"end":{"line":2,"column":35}},"3":{"start":{"line":5,"column":2},"end":{"line":12,"column":4}}},"fnMap":{"0":{"name":"SolarSystemView","decl":{"start":{"line":4,"column":24},"end":{"line":4,"column":39}},"loc":{"start":{"line":4,"column":39},"end":{"line":13,"column":1}}}},"branchMap":{},"s":{"0":2,"1":2,"2":2,"3":2},"f":{"0":2},"b":{}}
,"C:\\Users\\monic\\Documents\\Daniel\\integracion-continua\\integracion_continua\\src\\views\\TechnologyLogicView.tsx": {"path":"C:\\Users\\monic\\Documents\\Daniel\\integracion-continua\\integracion_continua\\src\\views\\TechnologyLogicView.tsx","statementMap":{"0":{"start":{"line":2,"column":0},"end":{"line":2,"column":60}},"1":{"start":{"line":4,"column":28},"end":{"line":10,"column":1}},"2":{"start":{"line":5,"column":2},"end":{"line":9,"column":4}},"3":{"start":{"line":12,"column":0},"end":{"line":12,"column":35}}},"fnMap":{"0":{"name":"(anonymous_1)","decl":{"start":{"line":4,"column":28},"end":{"line":4,"column":31}},"loc":{"start":{"line":4,"column":33},"end":{"line":10,"column":1}}}},"branchMap":{},"s":{"0":1,"1":1,"2":0,"3":1},"f":{"0":0},"b":{}}
}
