{"D:\\Users\\danie\\Documents\\Proyectos-Univesidad\\Web\\integracion-continua\\integracion_continua\\src\\App.tsx": {"path":"D:\\Users\\danie\\Documents\\Proyectos-Univesidad\\Web\\integracion-continua\\integracion_continua\\src\\App.tsx","statementMap":{"0":{"start":{"line":1,"column":0},"end":{"line":1,"column":49}},"1":{"start":{"line":2,"column":0},"end":{"line":2,"column":43}},"2":{"start":{"line":5,"column":2},"end":{"line":9,"column":4}},"3":{"start":{"line":12,"column":0},"end":{"line":12,"column":19}}},"fnMap":{"0":{"name":"App","decl":{"start":{"line":4,"column":9},"end":{"line":4,"column":12}},"loc":{"start":{"line":4,"column":12},"end":{"line":10,"column":1}}}},"branchMap":{},"s":{"0":1,"1":1,"2":2,"3":1},"f":{"0":2},"b":{}}
,"D:\\Users\\danie\\Documents\\Proyectos-Univesidad\\Web\\integracion-continua\\integracion_continua\\src\\components\\FriendlyCharacter.tsx": {"path":"D:\\Users\\danie\\Documents\\Proyectos-Univesidad\\Web\\integracion-continua\\integracion_continua\\src\\components\\FriendlyCharacter.tsx","statementMap":{"0":{"start":{"line":13,"column":0},"end":{"line":13,"column":24}},"1":{"start":{"line":1,"column":0},"end":{"line":1,"column":47}},"2":{"start":{"line":2,"column":0},"end":{"line":2,"column":35}},"3":{"start":{"line":4,"column":44},"end":{"line":11,"column":2}},"4":{"start":{"line":14,"column":19},"end":{"line":14,"column":32}},"5":{"start":{"line":15,"column":18},"end":{"line":15,"column":68}},"6":{"start":{"line":17,"column":2},"end":{"line":28,"column":4}}},"fnMap":{"0":{"name":"FriendlyCharacter","decl":{"start":{"line":13,"column":24},"end":{"line":13,"column":41}},"loc":{"start":{"line":13,"column":41},"end":{"line":29,"column":1}}}},"branchMap":{"0":{"loc":{"start":{"line":15,"column":18},"end":{"line":15,"column":68}},"type":"binary-expr","locations":[{"start":{"line":15,"column":18},"end":{"line":15,"column":45}},{"start":{"line":15,"column":49},"end":{"line":15,"column":68}}]}},"s":{"0":3,"1":3,"2":3,"3":3,"4":11,"5":11,"6":11},"f":{"0":11},"b":{"0":[11,2]}}
,"D:\\Users\\danie\\Documents\\Proyectos-Univesidad\\Web\\integracion-continua\\integracion_continua\\src\\components\\GlobeScene.tsx": {"path":"D:\\Users\\danie\\Documents\\Proyectos-Univesidad\\Web\\integracion-continua\\integracion_continua\\src\\components\\GlobeScene.tsx","statementMap":{"0":{"start":{"line":5,"column":0},"end":{"line":5,"column":24}},"1":{"start":{"line":2,"column":0},"end":{"line":2,"column":52}},"2":{"start":{"line":3,"column":0},"end":{"line":3,"column":53}},"3":{"start":{"line":6,"column":16},"end":{"line":6,"column":59}},"4":{"start":{"line":7,"column":21},"end":{"line":7,"column":49}},"5":{"start":{"line":8,"column":36},"end":{"line":8,"column":73}},"6":{"start":{"line":10,"column":0},"end":{"line":21,"column":7}},"7":{"start":{"line":11,"column":27},"end":{"line":16,"column":3}},"8":{"start":{"line":12,"column":4},"end":{"line":15,"column":5}},"9":{"start":{"line":13,"column":19},"end":{"line":13,"column":63}},"10":{"start":{"line":14,"column":6},"end":{"line":14,"column":64}},"11":{"start":{"line":18,"column":2},"end":{"line":18,"column":21}},"12":{"start":{"line":19,"column":2},"end":{"line":19,"column":54}},"13":{"start":{"line":20,"column":2},"end":{"line":20,"column":70}},"14":{"start":{"line":20,"column":15},"end":{"line":20,"column":69}},"15":{"start":{"line":31,"column":29},"end":{"line":57,"column":2}},"16":{"start":{"line":59,"column":0},"end":{"line":76,"column":2}},"17":{"start":{"line":68,"column":27},"end":{"line":68,"column":85}},"18":{"start":{"line":70,"column":26},"end":{"line":70,"column":37}},"19":{"start":{"line":71,"column":29},"end":{"line":71,"column":84}}},"fnMap":{"0":{"name":"GlobeScene","decl":{"start":{"line":5,"column":24},"end":{"line":5,"column":34}},"loc":{"start":{"line":5,"column":34},"end":{"line":77,"column":1}}},"1":{"name":"(anonymous_2)","decl":{"start":{"line":10,"column":10},"end":{"line":10,"column":13}},"loc":{"start":{"line":10,"column":15},"end":{"line":21,"column":1}}},"2":{"name":"(anonymous_3)","decl":{"start":{"line":11,"column":27},"end":{"line":11,"column":30}},"loc":{"start":{"line":11,"column":32},"end":{"line":16,"column":3}}},"3":{"name":"(anonymous_4)","decl":{"start":{"line":20,"column":9},"end":{"line":20,"column":12}},"loc":{"start":{"line":20,"column":15},"end":{"line":20,"column":69}}},"4":{"name":"(anonymous_5)","decl":{"start":{"line":68,"column":20},"end":{"line":68,"column":21}},"loc":{"start":{"line":68,"column":27},"end":{"line":68,"column":85}}},"5":{"name":"(anonymous_6)","decl":{"start":{"line":70,"column":20},"end":{"line":70,"column":23}},"loc":{"start":{"line":70,"column":26},"end":{"line":70,"column":37}}},"6":{"name":"(anonymous_7)","decl":{"start":{"line":71,"column":22},"end":{"line":71,"column":23}},"loc":{"start":{"line":71,"column":29},"end":{"line":71,"column":84}}}},"branchMap":{"0":{"loc":{"start":{"line":12,"column":4},"end":{"line":15,"column":5}},"type":"if","locations":[{"start":{"line":12,"column":4},"end":{"line":15,"column":5}},{"start":{},"end":{}}]}},"s":{"0":2,"1":2,"2":2,"3":11,"4":11,"5":11,"6":11,"7":5,"8":6,"9":6,"10":6,"11":5,"12":5,"13":5,"14":5,"15":11,"16":11,"17":242,"18":11,"19":1},"f":{"0":11,"1":5,"2":6,"3":5,"4":242,"5":11,"6":1},"b":{"0":[6,0]}}
,"D:\\Users\\danie\\Documents\\Proyectos-Univesidad\\Web\\integracion-continua\\integracion_continua\\src\\components\\Layout.tsx": {"path":"D:\\Users\\danie\\Documents\\Proyectos-Univesidad\\Web\\integracion-continua\\integracion_continua\\src\\components\\Layout.tsx","statementMap":{"0":{"start":{"line":5,"column":0},"end":{"line":5,"column":24}},"1":{"start":{"line":1,"column":0},"end":{"line":1,"column":68}},"2":{"start":{"line":2,"column":0},"end":{"line":2,"column":48}},"3":{"start":{"line":3,"column":0},"end":{"line":3,"column":52}},"4":{"start":{"line":6,"column":19},"end":{"line":6,"column":32}},"5":{"start":{"line":7,"column":19},"end":{"line":7,"column":32}},"6":{"start":{"line":8,"column":17},"end":{"line":8,"column":42}},"7":{"start":{"line":9,"column":18},"end":{"line":9,"column":48}},"8":{"start":{"line":10,"column":18},"end":{"line":10,"column":48}},"9":{"start":{"line":11,"column":24},"end":{"line":11,"column":60}},"10":{"start":{"line":12,"column":19},"end":{"line":12,"column":50}},"11":{"start":{"line":15,"column":2},"end":{"line":39,"column":4}},"12":{"start":{"line":20,"column":25},"end":{"line":20,"column":38}}},"fnMap":{"0":{"name":"Layout","decl":{"start":{"line":5,"column":24},"end":{"line":5,"column":30}},"loc":{"start":{"line":5,"column":30},"end":{"line":40,"column":1}}},"1":{"name":"(anonymous_2)","decl":{"start":{"line":20,"column":19},"end":{"line":20,"column":22}},"loc":{"start":{"line":20,"column":25},"end":{"line":20,"column":38}}}},"branchMap":{"0":{"loc":{"start":{"line":18,"column":7},"end":{"line":25,"column":null}},"type":"binary-expr","locations":[{"start":{"line":18,"column":7},"end":{"line":18,"column":14}},{"start":{"line":18,"column":18},"end":{"line":18,"column":26}},{"start":{"line":19,"column":8},"end":{"line":24,"column":null}}]},"1":{"loc":{"start":{"line":31,"column":51},"end":{"line":31,"column":111}},"type":"cond-expr","locations":[{"start":{"line":31,"column":92},"end":{"line":31,"column":97}},{"start":{"line":31,"column":100},"end":{"line":31,"column":111}}]},"2":{"loc":{"start":{"line":31,"column":52},"end":{"line":31,"column":88}},"type":"binary-expr","locations":[{"start":{"line":31,"column":52},"end":{"line":31,"column":59}},{"start":{"line":31,"column":63},"end":{"line":31,"column":76}},{"start":{"line":31,"column":80},"end":{"line":31,"column":88}}]}},"s":{"0":2,"1":2,"2":2,"3":2,"4":6,"5":6,"6":6,"7":6,"8":6,"9":6,"10":6,"11":6,"12":1},"f":{"0":6,"1":1},"b":{"0":[6,3,2],"1":[2,4],"2":[6,6,6]}}
,"D:\\Users\\danie\\Documents\\Proyectos-Univesidad\\Web\\integracion-continua\\integracion_continua\\src\\components\\ShapesScene.tsx": {"path":"D:\\Users\\danie\\Documents\\Proyectos-Univesidad\\Web\\integracion-continua\\integracion_continua\\src\\components\\ShapesScene.tsx","statementMap":{"0":{"start":{"line":26,"column":0},"end":{"line":26,"column":24}},"1":{"start":{"line":2,"column":0},"end":{"line":2,"column":50}},"2":{"start":{"line":3,"column":0},"end":{"line":3,"column":54}},"3":{"start":{"line":4,"column":0},"end":{"line":4,"column":31}},"4":{"start":{"line":5,"column":0},"end":{"line":5,"column":45}},"5":{"start":{"line":15,"column":12},"end":{"line":15,"column":36}},"6":{"start":{"line":16,"column":0},"end":{"line":18,"column":3}},"7":{"start":{"line":17,"column":4},"end":{"line":17,"column":69}},"8":{"start":{"line":17,"column":21},"end":{"line":17,"column":69}},"9":{"start":{"line":19,"column":0},"end":{"line":23,"column":2}},"10":{"start":{"line":27,"column":26},"end":{"line":27,"column":45}},"11":{"start":{"line":28,"column":26},"end":{"line":28,"column":37}},"12":{"start":{"line":29,"column":26},"end":{"line":29,"column":39}},"13":{"start":{"line":30,"column":22},"end":{"line":30,"column":42}},"14":{"start":{"line":31,"column":34},"end":{"line":31,"column":45}},"15":{"start":{"line":32,"column":18},"end":{"line":32,"column":42}},"16":{"start":{"line":34,"column":26},"end":{"line":43,"column":1}},"17":{"start":{"line":35,"column":2},"end":{"line":42,"column":3}},"18":{"start":{"line":36,"column":12},"end":{"line":36,"column":33}},"19":{"start":{"line":37,"column":12},"end":{"line":37,"column":25}},"20":{"start":{"line":38,"column":12},"end":{"line":38,"column":32}},"21":{"start":{"line":39,"column":13},"end":{"line":39,"column":35}},"22":{"start":{"line":40,"column":13},"end":{"line":40,"column":34}},"23":{"start":{"line":41,"column":13},"end":{"line":41,"column":27}},"24":{"start":{"line":45,"column":21},"end":{"line":54,"column":1}},"25":{"start":{"line":46,"column":2},"end":{"line":53,"column":3}},"26":{"start":{"line":47,"column":12},"end":{"line":47,"column":31}},"27":{"start":{"line":48,"column":12},"end":{"line":48,"column":26}},"28":{"start":{"line":49,"column":12},"end":{"line":49,"column":30}},"29":{"start":{"line":50,"column":13},"end":{"line":50,"column":33}},"30":{"start":{"line":51,"column":13},"end":{"line":51,"column":32}},"31":{"start":{"line":52,"column":13},"end":{"line":52,"column":27}},"32":{"start":{"line":56,"column":14},"end":{"line":56,"column":42}},"33":{"start":{"line":59,"column":23},"end":{"line":76,"column":6}},"34":{"start":{"line":60,"column":17},"end":{"line":60,"column":49}},"35":{"start":{"line":61,"column":2},"end":{"line":61,"column":20}},"36":{"start":{"line":62,"column":2},"end":{"line":62,"column":21}},"37":{"start":{"line":63,"column":18},"end":{"line":63,"column":42}},"38":{"start":{"line":64,"column":15},"end":{"line":64,"column":16}},"39":{"start":{"line":65,"column":2},"end":{"line":70,"column":3}},"40":{"start":{"line":65,"column":15},"end":{"line":65,"column":16}},"41":{"start":{"line":66,"column":4},"end":{"line":69,"column":5}},"42":{"start":{"line":66,"column":17},"end":{"line":66,"column":18}},"43":{"start":{"line":67,"column":6},"end":{"line":67,"column":68}},"44":{"start":{"line":68,"column":6},"end":{"line":68,"column":55}},"45":{"start":{"line":71,"column":18},"end":{"line":71,"column":49}},"46":{"start":{"line":72,"column":2},"end":{"line":72,"column":39}},"47":{"start":{"line":73,"column":2},"end":{"line":73,"column":39}},"48":{"start":{"line":74,"column":2},"end":{"line":74,"column":27}},"49":{"start":{"line":75,"column":2},"end":{"line":75,"column":17}},"50":{"start":{"line":79,"column":17},"end":{"line":94,"column":11}},"51":{"start":{"line":80,"column":2},"end":{"line":93,"column":3}},"52":{"start":{"line":82,"column":6},"end":{"line":82,"column":51}},"53":{"start":{"line":84,"column":6},"end":{"line":84,"column":44}},"54":{"start":{"line":86,"column":6},"end":{"line":86,"column":50}},"55":{"start":{"line":88,"column":6},"end":{"line":88,"column":52}},"56":{"start":{"line":90,"column":6},"end":{"line":90,"column":51}},"57":{"start":{"line":92,"column":6},"end":{"line":92,"column":50}},"58":{"start":{"line":96,"column":0},"end":{"line":267,"column":2}},"59":{"start":{"line":153,"column":39},"end":{"line":153,"column":79}},"60":{"start":{"line":176,"column":39},"end":{"line":176,"column":79}},"61":{"start":{"line":205,"column":20},"end":{"line":206,"column":null}},"62":{"start":{"line":217,"column":37},"end":{"line":217,"column":48}},"63":{"start":{"line":219,"column":44},"end":{"line":219,"column":99}},"64":{"start":{"line":220,"column":44},"end":{"line":220,"column":97}},"65":{"start":{"line":238,"column":37},"end":{"line":238,"column":69}},"66":{"start":{"line":258,"column":37},"end":{"line":258,"column":69}}},"fnMap":{"0":{"name":"RotatingMesh","decl":{"start":{"line":14,"column":9},"end":{"line":14,"column":21}},"loc":{"start":{"line":14,"column":82},"end":{"line":24,"column":1}}},"1":{"name":"(anonymous_10)","decl":{"start":{"line":16,"column":9},"end":{"line":16,"column":10}},"loc":{"start":{"line":16,"column":22},"end":{"line":18,"column":1}}},"2":{"name":"ShapesScene","decl":{"start":{"line":26,"column":24},"end":{"line":26,"column":35}},"loc":{"start":{"line":26,"column":35},"end":{"line":268,"column":1}}},"3":{"name":"(anonymous_12)","decl":{"start":{"line":34,"column":26},"end":{"line":34,"column":27}},"loc":{"start":{"line":34,"column":124},"end":{"line":43,"column":1}}},"4":{"name":"(anonymous_13)","decl":{"start":{"line":45,"column":21},"end":{"line":45,"column":22}},"loc":{"start":{"line":45,"column":47},"end":{"line":54,"column":1}}},"5":{"name":"(anonymous_14)","decl":{"start":{"line":59,"column":31},"end":{"line":59,"column":34}},"loc":{"start":{"line":59,"column":36},"end":{"line":76,"column":1}}},"6":{"name":"(anonymous_15)","decl":{"start":{"line":79,"column":25},"end":{"line":79,"column":28}},"loc":{"start":{"line":79,"column":30},"end":{"line":94,"column":1}}},"7":{"name":"(anonymous_16)","decl":{"start":{"line":153,"column":33},"end":{"line":153,"column":36}},"loc":{"start":{"line":153,"column":39},"end":{"line":153,"column":79}}},"8":{"name":"(anonymous_17)","decl":{"start":{"line":176,"column":33},"end":{"line":176,"column":36}},"loc":{"start":{"line":176,"column":39},"end":{"line":176,"column":79}}},"9":{"name":"(anonymous_18)","decl":{"start":{"line":204,"column":24},"end":{"line":204,"column":25}},"loc":{"start":{"line":205,"column":20},"end":{"line":206,"column":null}}},"10":{"name":"(anonymous_19)","decl":{"start":{"line":217,"column":31},"end":{"line":217,"column":34}},"loc":{"start":{"line":217,"column":37},"end":{"line":217,"column":48}}},"11":{"name":"(anonymous_20)","decl":{"start":{"line":219,"column":36},"end":{"line":219,"column":37}},"loc":{"start":{"line":219,"column":44},"end":{"line":219,"column":99}}},"12":{"name":"(anonymous_21)","decl":{"start":{"line":220,"column":36},"end":{"line":220,"column":37}},"loc":{"start":{"line":220,"column":44},"end":{"line":220,"column":97}}},"13":{"name":"(anonymous_22)","decl":{"start":{"line":238,"column":30},"end":{"line":238,"column":31}},"loc":{"start":{"line":238,"column":37},"end":{"line":238,"column":69}}},"14":{"name":"(anonymous_23)","decl":{"start":{"line":258,"column":30},"end":{"line":258,"column":31}},"loc":{"start":{"line":258,"column":37},"end":{"line":258,"column":69}}}},"branchMap":{"0":{"loc":{"start":{"line":17,"column":4},"end":{"line":17,"column":69}},"type":"if","locations":[{"start":{"line":17,"column":4},"end":{"line":17,"column":69}},{"start":{},"end":{}}]},"1":{"loc":{"start":{"line":35,"column":2},"end":{"line":42,"column":3}},"type":"switch","locations":[{"start":{"line":36,"column":4},"end":{"line":36,"column":33}},{"start":{"line":37,"column":4},"end":{"line":37,"column":25}},{"start":{"line":38,"column":4},"end":{"line":38,"column":32}},{"start":{"line":39,"column":4},"end":{"line":39,"column":35}},{"start":{"line":40,"column":4},"end":{"line":40,"column":34}},{"start":{"line":41,"column":4},"end":{"line":41,"column":27}}]},"2":{"loc":{"start":{"line":46,"column":2},"end":{"line":53,"column":3}},"type":"switch","locations":[{"start":{"line":47,"column":4},"end":{"line":47,"column":31}},{"start":{"line":48,"column":4},"end":{"line":48,"column":26}},{"start":{"line":49,"column":4},"end":{"line":49,"column":30}},{"start":{"line":50,"column":4},"end":{"line":50,"column":33}},{"start":{"line":51,"column":4},"end":{"line":51,"column":32}},{"start":{"line":52,"column":4},"end":{"line":52,"column":27}}]},"3":{"loc":{"start":{"line":67,"column":26},"end":{"line":67,"column":67}},"type":"cond-expr","locations":[{"start":{"line":67,"column":46},"end":{"line":67,"column":55}},{"start":{"line":67,"column":58},"end":{"line":67,"column":67}}]},"4":{"loc":{"start":{"line":80,"column":2},"end":{"line":93,"column":3}},"type":"switch","locations":[{"start":{"line":81,"column":4},"end":{"line":82,"column":51}},{"start":{"line":83,"column":4},"end":{"line":84,"column":44}},{"start":{"line":85,"column":4},"end":{"line":86,"column":50}},{"start":{"line":87,"column":4},"end":{"line":88,"column":52}},{"start":{"line":89,"column":4},"end":{"line":90,"column":51}},{"start":{"line":91,"column":4},"end":{"line":92,"column":50}}]}},"s":{"0":2,"1":2,"2":2,"3":2,"4":2,"5":34,"6":34,"7":0,"8":0,"9":34,"10":34,"11":34,"12":34,"13":34,"14":34,"15":34,"16":34,"17":34,"18":18,"19":6,"20":4,"21":3,"22":2,"23":1,"24":34,"25":34,"26":18,"27":6,"28":4,"29":3,"30":2,"31":1,"32":34,"33":34,"34":15,"35":15,"36":15,"37":15,"38":15,"39":15,"40":15,"41":120,"42":120,"43":960,"44":960,"45":15,"46":15,"47":15,"48":15,"49":15,"50":34,"51":32,"52":16,"53":6,"54":4,"55":3,"56":2,"57":1,"58":34,"59":2,"60":16,"61":578,"62":0,"63":0,"64":0,"65":1,"66":1},"f":{"0":34,"1":0,"2":34,"3":34,"4":34,"5":15,"6":32,"7":2,"8":16,"9":578,"10":0,"11":0,"12":0,"13":1,"14":1},"b":{"0":[0,0],"1":[18,6,4,3,2,1],"2":[18,6,4,3,2,1],"3":[480,480],"4":[16,6,4,3,2,1]}}
,"D:\\Users\\danie\\Documents\\Proyectos-Univesidad\\Web\\integracion-continua\\integracion_continua\\src\\components\\SolarSystemScene.tsx": {"path":"D:\\Users\\danie\\Documents\\Proyectos-Univesidad\\Web\\integracion-continua\\integracion_continua\\src\\components\\SolarSystemScene.tsx","statementMap":{"0":{"start":{"line":52,"column":0},"end":{"line":52,"column":24}},"1":{"start":{"line":2,"column":0},"end":{"line":2,"column":31}},"2":{"start":{"line":3,"column":0},"end":{"line":3,"column":54}},"3":{"start":{"line":4,"column":0},"end":{"line":4,"column":63}},"4":{"start":{"line":5,"column":0},"end":{"line":5,"column":31}},"5":{"start":{"line":15,"column":18},"end":{"line":15,"column":43}},"6":{"start":{"line":16,"column":19},"end":{"line":16,"column":54}},"7":{"start":{"line":18,"column":2},"end":{"line":20,"column":7}},"8":{"start":{"line":19,"column":6},"end":{"line":19,"column":38}},"9":{"start":{"line":22,"column":2},"end":{"line":33,"column":4}},"10":{"start":{"line":25,"column":21},"end":{"line":25,"column":46}},"11":{"start":{"line":37,"column":2},"end":{"line":49,"column":4}},"12":{"start":{"line":53,"column":28},"end":{"line":55,"column":3}},"13":{"start":{"line":54,"column":4},"end":{"line":54,"column":49}},"14":{"start":{"line":57,"column":18},"end":{"line":66,"column":4}},"15":{"start":{"line":68,"column":2},"end":{"line":96,"column":4}},"16":{"start":{"line":85,"column":10},"end":{"line":85,"column":35}},"17":{"start":{"line":90,"column":10},"end":{"line":90,"column":41}}},"fnMap":{"0":{"name":"Planet","decl":{"start":{"line":7,"column":9},"end":{"line":7,"column":15}},"loc":{"start":{"line":14,"column":1},"end":{"line":34,"column":1}}},"1":{"name":"(anonymous_10)","decl":{"start":{"line":18,"column":11},"end":{"line":18,"column":14}},"loc":{"start":{"line":18,"column":16},"end":{"line":20,"column":5}}},"2":{"name":"(anonymous_11)","decl":{"start":{"line":25,"column":15},"end":{"line":25,"column":18}},"loc":{"start":{"line":25,"column":21},"end":{"line":25,"column":46}}},"3":{"name":"Orbit","decl":{"start":{"line":36,"column":9},"end":{"line":36,"column":14}},"loc":{"start":{"line":36,"column":49},"end":{"line":50,"column":1}}},"4":{"name":"SolarSystemScene","decl":{"start":{"line":52,"column":24},"end":{"line":52,"column":40}},"loc":{"start":{"line":52,"column":40},"end":{"line":97,"column":1}}},"5":{"name":"(anonymous_14)","decl":{"start":{"line":53,"column":28},"end":{"line":53,"column":29}},"loc":{"start":{"line":53,"column":45},"end":{"line":55,"column":3}}},"6":{"name":"(anonymous_15)","decl":{"start":{"line":84,"column":21},"end":{"line":84,"column":22}},"loc":{"start":{"line":85,"column":10},"end":{"line":85,"column":35}}},"7":{"name":"(anonymous_16)","decl":{"start":{"line":89,"column":21},"end":{"line":89,"column":22}},"loc":{"start":{"line":90,"column":10},"end":{"line":90,"column":41}}}},"branchMap":{},"s":{"0":2,"1":2,"2":2,"3":2,"4":2,"5":32,"6":32,"7":32,"8":32,"9":32,"10":1,"11":32,"12":4,"13":1,"14":4,"15":4,"16":32,"17":32},"f":{"0":32,"1":32,"2":1,"3":32,"4":4,"5":1,"6":32,"7":32},"b":{}}
,"D:\\Users\\danie\\Documents\\Proyectos-Univesidad\\Web\\integracion-continua\\integracion_continua\\src\\routes\\AppRoutes.tsx": {"path":"D:\\Users\\danie\\Documents\\Proyectos-Univesidad\\Web\\integracion-continua\\integracion_continua\\src\\routes\\AppRoutes.tsx","statementMap":{"0":{"start":{"line":11,"column":0},"end":{"line":11,"column":24}},"1":{"start":{"line":1,"column":0},"end":{"line":1,"column":49}},"2":{"start":{"line":2,"column":0},"end":{"line":2,"column":42}},"3":{"start":{"line":3,"column":0},"end":{"line":3,"column":41}},"4":{"start":{"line":6,"column":0},"end":{"line":6,"column":45}},"5":{"start":{"line":7,"column":0},"end":{"line":7,"column":43}},"6":{"start":{"line":8,"column":0},"end":{"line":8,"column":55}},"7":{"start":{"line":12,"column":2},"end":{"line":24,"column":4}}},"fnMap":{"0":{"name":"AppRoutes","decl":{"start":{"line":11,"column":24},"end":{"line":11,"column":33}},"loc":{"start":{"line":11,"column":33},"end":{"line":25,"column":1}}}},"branchMap":{},"s":{"0":1,"1":1,"2":1,"3":1,"4":1,"5":1,"6":1,"7":2},"f":{"0":2},"b":{}}
,"D:\\Users\\danie\\Documents\\Proyectos-Univesidad\\Web\\integracion-continua\\integracion_continua\\src\\views\\GlobeView.tsx": {"path":"D:\\Users\\danie\\Documents\\Proyectos-Univesidad\\Web\\integracion-continua\\integracion_continua\\src\\views\\GlobeView.tsx","statementMap":{"0":{"start":{"line":4,"column":0},"end":{"line":4,"column":24}},"1":{"start":{"line":1,"column":0},"end":{"line":1,"column":50}},"2":{"start":{"line":2,"column":0},"end":{"line":2,"column":37}},"3":{"start":{"line":5,"column":2},"end":{"line":12,"column":4}}},"fnMap":{"0":{"name":"GlobeView","decl":{"start":{"line":4,"column":24},"end":{"line":4,"column":33}},"loc":{"start":{"line":4,"column":33},"end":{"line":13,"column":1}}}},"branchMap":{},"s":{"0":2,"1":2,"2":2,"3":2},"f":{"0":2},"b":{}}
,"D:\\Users\\danie\\Documents\\Proyectos-Univesidad\\Web\\integracion-continua\\integracion_continua\\src\\views\\HomePage.tsx": {"path":"D:\\Users\\danie\\Documents\\Proyectos-Univesidad\\Web\\integracion-continua\\integracion_continua\\src\\views\\HomePage.tsx","statementMap":{"0":{"start":{"line":12,"column":0},"end":{"line":12,"column":24}},"1":{"start":{"line":1,"column":0},"end":{"line":1,"column":40}},"2":{"start":{"line":2,"column":0},"end":{"line":2,"column":39}},"3":{"start":{"line":3,"column":0},"end":{"line":3,"column":84}},"4":{"start":{"line":5,"column":18},"end":{"line":10,"column":2}},"5":{"start":{"line":13,"column":2},"end":{"line":64,"column":4}},"6":{"start":{"line":34,"column":12},"end":{"line":35,"column":null}}},"fnMap":{"0":{"name":"HomePage","decl":{"start":{"line":12,"column":24},"end":{"line":12,"column":32}},"loc":{"start":{"line":12,"column":32},"end":{"line":65,"column":1}}},"1":{"name":"(anonymous_1)","decl":{"start":{"line":33,"column":25},"end":{"line":33,"column":26}},"loc":{"start":{"line":34,"column":12},"end":{"line":35,"column":null}}}},"branchMap":{},"s":{"0":2,"1":2,"2":2,"3":2,"4":2,"5":5,"6":20},"f":{"0":5,"1":20},"b":{}}
,"D:\\Users\\danie\\Documents\\Proyectos-Univesidad\\Web\\integracion-continua\\integracion_continua\\src\\views\\ShapesView.tsx": {"path":"D:\\Users\\danie\\Documents\\Proyectos-Univesidad\\Web\\integracion-continua\\integracion_continua\\src\\views\\ShapesView.tsx","statementMap":{"0":{"start":{"line":4,"column":0},"end":{"line":4,"column":24}},"1":{"start":{"line":1,"column":0},"end":{"line":1,"column":52}},"2":{"start":{"line":2,"column":0},"end":{"line":2,"column":38}},"3":{"start":{"line":5,"column":2},"end":{"line":12,"column":4}}},"fnMap":{"0":{"name":"ShapesView","decl":{"start":{"line":4,"column":24},"end":{"line":4,"column":34}},"loc":{"start":{"line":4,"column":34},"end":{"line":13,"column":1}}}},"branchMap":{},"s":{"0":2,"1":2,"2":2,"3":2},"f":{"0":2},"b":{}}
,"D:\\Users\\danie\\Documents\\Proyectos-Univesidad\\Web\\integracion-continua\\integracion_continua\\src\\views\\SolarSystemView.tsx": {"path":"D:\\Users\\danie\\Documents\\Proyectos-Univesidad\\Web\\integracion-continua\\integracion_continua\\src\\views\\SolarSystemView.tsx","statementMap":{"0":{"start":{"line":4,"column":0},"end":{"line":4,"column":24}},"1":{"start":{"line":1,"column":0},"end":{"line":1,"column":62}},"2":{"start":{"line":2,"column":0},"end":{"line":2,"column":35}},"3":{"start":{"line":5,"column":2},"end":{"line":12,"column":4}}},"fnMap":{"0":{"name":"SolarSystemView","decl":{"start":{"line":4,"column":24},"end":{"line":4,"column":39}},"loc":{"start":{"line":4,"column":39},"end":{"line":13,"column":1}}}},"branchMap":{},"s":{"0":2,"1":2,"2":2,"3":2},"f":{"0":2},"b":{}}
}
