TN:
SF:src\App.tsx
FN:4,App
FNF:1
FNH:1
FNDA:2,App
DA:1,1
DA:2,1
DA:5,2
DA:12,1
LF:4
LH:4
BRF:0
BRH:0
end_of_record
TN:
SF:src\components\FriendlyCharacter.tsx
FN:13,FriendlyCharacter
FNF:1
FNH:1
FNDA:11,FriendlyCharacter
DA:1,3
DA:2,3
DA:4,3
DA:13,3
DA:14,11
DA:15,11
DA:17,11
LF:7
LH:7
BRDA:15,0,0,11
BRDA:15,0,1,2
BRF:2
BRH:2
end_of_record
TN:
SF:src\components\GlobeScene.tsx
FN:5,GlobeScene
FN:10,(anonymous_2)
FN:11,(anonymous_3)
FN:20,(anonymous_4)
FN:68,(anonymous_5)
FN:70,(anonymous_6)
FN:71,(anonymous_7)
FNF:7
FNH:7
FNDA:11,GlobeScene
FNDA:5,(anonymous_2)
FNDA:6,(anonymous_3)
FNDA:5,(anonymous_4)
FNDA:242,(anonymous_5)
FNDA:11,(anonymous_6)
FNDA:1,(anonymous_7)
DA:2,2
DA:3,2
DA:5,2
DA:6,11
DA:7,11
DA:8,11
DA:10,11
DA:11,5
DA:12,6
DA:13,6
DA:14,6
DA:18,5
DA:19,5
DA:20,5
DA:31,11
DA:59,11
DA:68,242
DA:70,11
DA:71,1
LF:19
LH:19
BRDA:12,0,0,6
BRDA:12,0,1,0
BRF:2
BRH:1
end_of_record
TN:
SF:src\components\Layout.tsx
FN:5,Layout
FN:20,(anonymous_2)
FNF:2
FNH:2
FNDA:6,Layout
FNDA:1,(anonymous_2)
DA:1,2
DA:2,2
DA:3,2
DA:5,2
DA:6,6
DA:7,6
DA:8,6
DA:9,6
DA:10,6
DA:11,6
DA:12,6
DA:15,6
DA:20,1
LF:13
LH:13
BRDA:18,0,0,6
BRDA:18,0,1,3
BRDA:18,0,2,2
BRDA:31,1,0,2
BRDA:31,1,1,4
BRDA:31,2,0,6
BRDA:31,2,1,6
BRDA:31,2,2,6
BRF:8
BRH:8
end_of_record
TN:
SF:src\components\ShapesScene.tsx
FN:14,RotatingMesh
FN:16,(anonymous_10)
FN:26,ShapesScene
FN:34,(anonymous_12)
FN:45,(anonymous_13)
FN:59,(anonymous_14)
FN:79,(anonymous_15)
FN:153,(anonymous_16)
FN:176,(anonymous_17)
FN:204,(anonymous_18)
FN:217,(anonymous_19)
FN:219,(anonymous_20)
FN:220,(anonymous_21)
FN:238,(anonymous_22)
FN:258,(anonymous_23)
FNF:15
FNH:11
FNDA:34,RotatingMesh
FNDA:0,(anonymous_10)
FNDA:34,ShapesScene
FNDA:34,(anonymous_12)
FNDA:34,(anonymous_13)
FNDA:15,(anonymous_14)
FNDA:32,(anonymous_15)
FNDA:2,(anonymous_16)
FNDA:16,(anonymous_17)
FNDA:578,(anonymous_18)
FNDA:0,(anonymous_19)
FNDA:0,(anonymous_20)
FNDA:0,(anonymous_21)
FNDA:1,(anonymous_22)
FNDA:1,(anonymous_23)
DA:2,2
DA:3,2
DA:4,2
DA:5,2
DA:15,34
DA:16,34
DA:17,0
DA:19,34
DA:26,2
DA:27,34
DA:28,34
DA:29,34
DA:30,34
DA:31,34
DA:32,34
DA:34,34
DA:35,34
DA:36,18
DA:37,6
DA:38,4
DA:39,3
DA:40,2
DA:41,1
DA:45,34
DA:46,34
DA:47,18
DA:48,6
DA:49,4
DA:50,3
DA:51,2
DA:52,1
DA:56,34
DA:59,34
DA:60,15
DA:61,15
DA:62,15
DA:63,15
DA:64,15
DA:65,15
DA:66,120
DA:67,960
DA:68,960
DA:71,15
DA:72,15
DA:73,15
DA:74,15
DA:75,15
DA:79,34
DA:80,32
DA:82,16
DA:84,6
DA:86,4
DA:88,3
DA:90,2
DA:92,1
DA:96,34
DA:153,2
DA:176,16
DA:205,578
DA:217,0
DA:219,0
DA:220,0
DA:238,1
DA:258,1
LF:64
LH:60
BRDA:17,0,0,0
BRDA:17,0,1,0
BRDA:35,1,0,18
BRDA:35,1,1,6
BRDA:35,1,2,4
BRDA:35,1,3,3
BRDA:35,1,4,2
BRDA:35,1,5,1
BRDA:46,2,0,18
BRDA:46,2,1,6
BRDA:46,2,2,4
BRDA:46,2,3,3
BRDA:46,2,4,2
BRDA:46,2,5,1
BRDA:67,3,0,480
BRDA:67,3,1,480
BRDA:80,4,0,16
BRDA:80,4,1,6
BRDA:80,4,2,4
BRDA:80,4,3,3
BRDA:80,4,4,2
BRDA:80,4,5,1
BRF:22
BRH:20
end_of_record
TN:
SF:src\components\SolarSystemScene.tsx
FN:7,Planet
FN:18,(anonymous_10)
FN:25,(anonymous_11)
FN:36,Orbit
FN:52,SolarSystemScene
FN:53,(anonymous_14)
FN:84,(anonymous_15)
FN:89,(anonymous_16)
FNF:8
FNH:8
FNDA:32,Planet
FNDA:32,(anonymous_10)
FNDA:1,(anonymous_11)
FNDA:32,Orbit
FNDA:4,SolarSystemScene
FNDA:1,(anonymous_14)
FNDA:32,(anonymous_15)
FNDA:32,(anonymous_16)
DA:2,2
DA:3,2
DA:4,2
DA:5,2
DA:15,32
DA:16,32
DA:18,32
DA:19,32
DA:22,32
DA:25,1
DA:37,32
DA:52,2
DA:53,4
DA:54,1
DA:57,4
DA:68,4
DA:85,32
DA:90,32
LF:18
LH:18
BRF:0
BRH:0
end_of_record
TN:
SF:src\routes\AppRoutes.tsx
FN:11,AppRoutes
FNF:1
FNH:1
FNDA:2,AppRoutes
DA:1,1
DA:2,1
DA:3,1
DA:6,1
DA:7,1
DA:8,1
DA:11,1
DA:12,2
LF:8
LH:8
BRF:0
BRH:0
end_of_record
TN:
SF:src\views\GlobeView.tsx
FN:4,GlobeView
FNF:1
FNH:1
FNDA:2,GlobeView
DA:1,2
DA:2,2
DA:4,2
DA:5,2
LF:4
LH:4
BRF:0
BRH:0
end_of_record
TN:
SF:src\views\HomePage.tsx
FN:12,HomePage
FN:33,(anonymous_1)
FNF:2
FNH:2
FNDA:5,HomePage
FNDA:20,(anonymous_1)
DA:1,2
DA:2,2
DA:3,2
DA:5,2
DA:12,2
DA:13,5
DA:34,20
LF:7
LH:7
BRF:0
BRH:0
end_of_record
TN:
SF:src\views\ShapesView.tsx
FN:4,ShapesView
FNF:1
FNH:1
FNDA:2,ShapesView
DA:1,2
DA:2,2
DA:4,2
DA:5,2
LF:4
LH:4
BRF:0
BRH:0
end_of_record
TN:
SF:src\views\SolarSystemView.tsx
FN:4,SolarSystemView
FNF:1
FNH:1
FNDA:2,SolarSystemView
DA:1,2
DA:2,2
DA:4,2
DA:5,2
LF:4
LH:4
BRF:0
BRH:0
end_of_record
