TN:
SF:src\components\FriendlyCharacter.tsx
FN:13,FriendlyCharacter
FNF:1
FNH:1
FNDA:9,FriendlyCharacter
DA:1,2
DA:2,2
DA:4,2
DA:13,2
DA:14,9
DA:15,9
DA:17,9
LF:7
LH:7
BRDA:15,0,0,9
BRDA:15,0,1,2
BRF:2
BRH:2
end_of_record
TN:
SF:src\components\GlobeScene.tsx
FN:5,GlobeScene
FN:10,(anonymous_2)
FN:11,(anonymous_3)
FN:20,(anonymous_4)
FN:68,(anonymous_5)
FN:70,(anonymous_6)
FN:71,(anonymous_7)
FNF:7
FNH:7
FNDA:11,GlobeScene
FNDA:5,(anonymous_2)
FNDA:6,(anonymous_3)
FNDA:5,(anonymous_4)
FNDA:242,(anonymous_5)
FNDA:11,(anonymous_6)
FNDA:1,(anonymous_7)
DA:2,1
DA:3,1
DA:5,1
DA:6,11
DA:7,11
DA:8,11
DA:10,11
DA:11,5
DA:12,6
DA:13,6
DA:14,6
DA:18,5
DA:19,5
DA:20,5
DA:31,11
DA:59,11
DA:68,242
DA:70,11
DA:71,1
LF:19
LH:19
BRDA:12,0,0,6
BRDA:12,0,1,0
BRF:2
BRH:1
end_of_record
TN:
SF:src\components\Layout.tsx
FN:5,Layout
FN:20,(anonymous_2)
FNF:2
FNH:2
FNDA:4,Layout
FNDA:1,(anonymous_2)
DA:1,1
DA:2,1
DA:3,1
DA:5,1
DA:6,4
DA:7,4
DA:8,4
DA:9,4
DA:10,4
DA:11,4
DA:12,4
DA:15,4
DA:20,1
LF:13
LH:13
BRDA:18,0,0,4
BRDA:18,0,1,3
BRDA:31,1,0,2
BRDA:31,1,1,2
BRDA:31,2,0,4
BRDA:31,2,1,4
BRDA:31,2,2,4
BRF:7
BRH:7
end_of_record
TN:
SF:src\components\SolarSystemScene.tsx
FN:15,Planet
FN:19,(anonymous_10)
FN:26,(anonymous_11)
FN:33,Orbit
FN:49,SolarSystemScene
FN:50,(anonymous_14)
FN:81,(anonymous_15)
FN:86,(anonymous_16)
FNF:8
FNH:7
FNDA:56,Planet
FNDA:0,(anonymous_10)
FNDA:1,(anonymous_11)
FNDA:56,Orbit
FNDA:7,SolarSystemScene
FNDA:1,(anonymous_14)
FNDA:56,(anonymous_15)
FNDA:56,(anonymous_16)
DA:1,1
DA:2,1
DA:3,1
DA:4,1
DA:16,56
DA:17,56
DA:19,56
DA:20,0
DA:21,0
DA:22,0
DA:25,56
DA:26,1
DA:34,56
DA:49,1
DA:50,7
DA:51,1
DA:54,7
DA:65,7
DA:82,56
DA:87,56
LF:20
LH:17
BRF:0
BRH:0
end_of_record
TN:
SF:src\views\GlobeView.tsx
FN:4,GlobeView
FNF:1
FNH:1
FNDA:2,GlobeView
DA:1,1
DA:2,1
DA:4,1
DA:5,2
LF:4
LH:4
BRF:0
BRH:0
end_of_record
TN:
SF:src\views\HomePage.tsx
FN:15,HomePage
FN:37,(anonymous_1)
FNF:2
FNH:2
FNDA:3,HomePage
FNDA:15,(anonymous_1)
DA:1,1
DA:2,1
DA:4,1
DA:6,1
DA:15,1
DA:16,3
DA:38,15
LF:7
LH:7
BRF:0
BRH:0
end_of_record
TN:
SF:src\views\PaintView.tsx
FN:4,PaintView
FNF:1
FNH:1
FNDA:3,PaintView
DA:1,1
DA:2,1
DA:4,1
DA:5,3
LF:4
LH:4
BRF:0
BRH:0
end_of_record
TN:
SF:src\views\ShapesView.tsx
FN:4,ShapesView
FNF:1
FNH:1
FNDA:2,ShapesView
DA:1,1
DA:2,1
DA:4,1
DA:5,2
LF:4
LH:4
BRF:0
BRH:0
end_of_record
TN:
SF:src\views\WaterCycleView.tsx
FN:4,WaterCycleView
FNF:1
FNH:1
FNDA:2,WaterCycleView
DA:1,1
DA:2,1
DA:4,1
DA:5,2
LF:4
LH:4
BRF:0
BRH:0
end_of_record
